<?xml version="1.0" encoding="UTF-8"?>
<!-- Generated by org.testng.reporters.JUnitXMLReporter -->
<testsuite hostname="DESKTOP-JBMKHIV" failures="0" tests="7" name="Test" time="51.493" errors="0" timestamp="29 Mar 2023 12:40:01 GMT">
  <testcase classname="Testng.fileupload" name="fileupload" time="2.177"/>
  <testcase classname="Testng.testautomation" name="textareapractise" time="13.418"/>
  <testcase classname="Testng.fileupload" name="submit" time="4.377"/>
  <testcase classname="Testng.testautomation" name="checkradio" time="4.575"/>
  <testcase classname="Testng.testautomation" name="dropdown" time="2.163"/>
  <testcase classname="Testng.testautomation" name="checkradio2" time="4.277"/>
  <testcase classname="Testng.testautomation" name="fileupload" time="2.362"/>
</testsuite> <!-- Test -->
