<?xml version="1.0" encoding="UTF-8"?>
<testng-results total="7" passed="7" failed="0" skipped="0">
  <reporter-output>
  </reporter-output>
  <suite started-at="2023-03-29T12:39:10Z" name="Suite" finished-at="2023-03-29T12:40:01Z" duration-ms="51493">
    <groups>
    </groups>
    <test started-at="2023-03-29T12:39:10Z" name="Test" finished-at="2023-03-29T12:40:01Z" duration-ms="51493">
      <class name="Testng.testautomation">
        <test-method is-config="true" signature="beforeclass()[pri:0, instance:Testng.testautomation@488d1cd7]" started-at="2023-03-29T18:09:24Z" name="beforeclass" finished-at="2023-03-29T18:09:24Z" duration-ms="1" status="PASS">
          <reporter-output>
          </reporter-output>
        </test-method> <!-- beforeclass -->
        <test-method is-config="true" signature="beforemethod()[pri:0, instance:Testng.testautomation@488d1cd7]" started-at="2023-03-29T18:09:24Z" name="beforemethod" finished-at="2023-03-29T18:09:24Z" duration-ms="0" status="PASS">
          <reporter-output>
          </reporter-output>
        </test-method> <!-- beforemethod -->
        <test-method signature="textareapractise()[pri:1, instance:Testng.testautomation@488d1cd7]" started-at="2023-03-29T18:09:24Z" name="textareapractise" finished-at="2023-03-29T18:09:37Z" duration-ms="13418" status="PASS">
          <reporter-output>
          </reporter-output>
        </test-method> <!-- textareapractise -->
        <test-method is-config="true" signature="aftermethod()[pri:0, instance:Testng.testautomation@488d1cd7]" started-at="2023-03-29T18:09:37Z" name="aftermethod" finished-at="2023-03-29T18:09:37Z" duration-ms="1" status="PASS">
          <reporter-output>
          </reporter-output>
        </test-method> <!-- aftermethod -->
        <test-method is-config="true" signature="beforemethod()[pri:0, instance:Testng.testautomation@488d1cd7]" started-at="2023-03-29T18:09:42Z" name="beforemethod" finished-at="2023-03-29T18:09:42Z" duration-ms="1" status="PASS">
          <reporter-output>
          </reporter-output>
        </test-method> <!-- beforemethod -->
        <test-method signature="checkradio()[pri:2, instance:Testng.testautomation@488d1cd7]" started-at="2023-03-29T18:09:42Z" name="checkradio" finished-at="2023-03-29T18:09:46Z" duration-ms="4575" status="PASS">
          <reporter-output>
          </reporter-output>
        </test-method> <!-- checkradio -->
        <test-method is-config="true" signature="aftermethod()[pri:0, instance:Testng.testautomation@488d1cd7]" started-at="2023-03-29T18:09:46Z" name="aftermethod" finished-at="2023-03-29T18:09:46Z" duration-ms="1" status="PASS">
          <reporter-output>
          </reporter-output>
        </test-method> <!-- aftermethod -->
        <test-method signature="dropdown()[pri:3, instance:Testng.testautomation@488d1cd7]" started-at="2023-03-29T18:09:46Z" name="dropdown" finished-at="2023-03-29T18:09:48Z" duration-ms="2163" status="PASS">
          <reporter-output>
          </reporter-output>
        </test-method> <!-- dropdown -->
        <test-method is-config="true" signature="beforemethod()[pri:0, instance:Testng.testautomation@488d1cd7]" started-at="2023-03-29T18:09:46Z" name="beforemethod" finished-at="2023-03-29T18:09:46Z" duration-ms="0" status="PASS">
          <reporter-output>
          </reporter-output>
        </test-method> <!-- beforemethod -->
        <test-method is-config="true" signature="aftermethod()[pri:0, instance:Testng.testautomation@488d1cd7]" started-at="2023-03-29T18:09:49Z" name="aftermethod" finished-at="2023-03-29T18:09:49Z" duration-ms="1" status="PASS">
          <reporter-output>
          </reporter-output>
        </test-method> <!-- aftermethod -->
        <test-method is-config="true" signature="beforemethod()[pri:0, instance:Testng.testautomation@488d1cd7]" started-at="2023-03-29T18:09:49Z" name="beforemethod" finished-at="2023-03-29T18:09:49Z" duration-ms="0" status="PASS">
          <reporter-output>
          </reporter-output>
        </test-method> <!-- beforemethod -->
        <test-method signature="checkradio2()[pri:4, instance:Testng.testautomation@488d1cd7]" started-at="2023-03-29T18:09:49Z" name="checkradio2" finished-at="2023-03-29T18:09:53Z" duration-ms="4277" status="PASS">
          <reporter-output>
          </reporter-output>
        </test-method> <!-- checkradio2 -->
        <test-method is-config="true" signature="beforemethod()[pri:0, instance:Testng.testautomation@488d1cd7]" started-at="2023-03-29T18:09:53Z" name="beforemethod" finished-at="2023-03-29T18:09:53Z" duration-ms="1" status="PASS">
          <reporter-output>
          </reporter-output>
        </test-method> <!-- beforemethod -->
        <test-method is-config="true" signature="aftermethod()[pri:0, instance:Testng.testautomation@488d1cd7]" started-at="2023-03-29T18:09:53Z" name="aftermethod" finished-at="2023-03-29T18:09:53Z" duration-ms="0" status="PASS">
          <reporter-output>
          </reporter-output>
        </test-method> <!-- aftermethod -->
        <test-method signature="fileupload()[pri:5, instance:Testng.testautomation@488d1cd7]" started-at="2023-03-29T18:09:53Z" name="fileupload" finished-at="2023-03-29T18:09:55Z" duration-ms="2362" status="PASS">
          <reporter-output>
          </reporter-output>
        </test-method> <!-- fileupload -->
        <test-method is-config="true" signature="aftermethod()[pri:0, instance:Testng.testautomation@488d1cd7]" started-at="2023-03-29T18:09:55Z" name="aftermethod" finished-at="2023-03-29T18:09:55Z" duration-ms="1" status="PASS">
          <reporter-output>
          </reporter-output>
        </test-method> <!-- aftermethod -->
        <test-method is-config="true" signature="afterclass()[pri:0, instance:Testng.testautomation@488d1cd7]" started-at="2023-03-29T18:09:55Z" name="afterclass" finished-at="2023-03-29T18:09:55Z" duration-ms="1" status="PASS">
          <reporter-output>
          </reporter-output>
        </test-method> <!-- afterclass -->
      </class> <!-- Testng.testautomation -->
      <class name="Testng.fileupload">
        <test-method is-config="true" signature="beforesetup()[pri:0, instance:Testng.fileupload@571c5681]" started-at="2023-03-29T18:09:10Z" name="beforesetup" finished-at="2023-03-29T18:09:18Z" duration-ms="7871" status="PASS">
          <reporter-output>
          </reporter-output>
        </test-method> <!-- beforesetup -->
        <test-method is-config="true" signature="beforesetup()[pri:0, instance:Testng.testautomation@488d1cd7]" started-at="2023-03-29T18:09:18Z" name="beforesetup" finished-at="2023-03-29T18:09:22Z" duration-ms="4056" status="PASS">
          <reporter-output>
          </reporter-output>
        </test-method> <!-- beforesetup -->
        <test-method signature="fileupload()[pri:1, instance:Testng.fileupload@571c5681]" started-at="2023-03-29T18:09:22Z" name="fileupload" finished-at="2023-03-29T18:09:24Z" duration-ms="2177" status="PASS">
          <reporter-output>
          </reporter-output>
        </test-method> <!-- fileupload -->
        <test-method signature="submit()[pri:2, instance:Testng.fileupload@571c5681]" started-at="2023-03-29T18:09:37Z" name="submit" finished-at="2023-03-29T18:09:42Z" duration-ms="4377" status="PASS">
          <reporter-output>
          </reporter-output>
        </test-method> <!-- submit -->
        <test-method is-config="true" signature="teardown()[pri:0, instance:Testng.fileupload@571c5681]" started-at="2023-03-29T18:09:55Z" name="teardown" finished-at="2023-03-29T18:09:58Z" duration-ms="3159" status="PASS">
          <reporter-output>
          </reporter-output>
        </test-method> <!-- teardown -->
        <test-method is-config="true" signature="teardown()[pri:0, instance:Testng.testautomation@488d1cd7]" started-at="2023-03-29T18:09:58Z" name="teardown" finished-at="2023-03-29T18:10:01Z" duration-ms="3001" status="PASS">
          <reporter-output>
          </reporter-output>
        </test-method> <!-- teardown -->
      </class> <!-- Testng.fileupload -->
    </test> <!-- Test -->
  </suite> <!-- Suite -->
</testng-results>
